<?xml version="1.0" encoding="UTF-8"?>
<!-- Generated by org.testng.reporters.JUnitReportReporter -->
<testsuite skipped="0" hostname="DESKTOP-0GOSDQT" name="frameworkTests.RunTest" tests="1" failures="0" timestamp="03 Dec 2018 15:05:50 GMT" time="31.868" errors="0">
  <testcase name="feature" time="31.868" classname="frameworkTests.RunTest"/>
</testsuite> <!-- frameworkTests.RunTest -->
